app/build/intermediates/manifest_merge_blame_file/debug/processDebugMainManifest/manifest-merger-blame-debug-report.txt
1<?xml version="1.0" encoding="utf-8"?>
2<manifest xmlns:android="http://schemas.android.com/apk/res/android"
3    package="nl.mikekemmink.noodverlichting"
4    android:versionCode="1"
5    android:versionName="0.1.0" >
6
7    <uses-sdk
8        android:minSdkVersion="24"
9        android:targetSdkVersion="34" />
10
11    <uses-feature
11-->src\main\AndroidManifest.xml:5:5-7:36
12        android:name="android.hardware.camera"
12-->src\main\AndroidManifest.xml:6:9-47
13        android:required="false" />
13-->src\main\AndroidManifest.xml:7:9-33
14
15    <uses-permission android:name="android.permission.READ_MEDIA_IMAGES" />
15-->src\main\AndroidManifest.xml:9:5-76
15-->src\main\AndroidManifest.xml:9:22-73
16    <uses-permission android:name="android.permission.CAMERA" />
16-->src\main\AndroidManifest.xml:10:5-65
16-->src\main\AndroidManifest.xml:10:22-62
17
18    <permission
18-->[androidx.core:core:1.13.0] AndroidManifest.xml:22:5-24:47
19        android:name="nl.mikekemmink.noodverlichting.DYNAMIC_RECEIVER_NOT_EXPORTED_PERMISSION"
19-->[androidx.core:core:1.13.0] AndroidManifest.xml:23:9-81
20        android:protectionLevel="signature" />
20-->[androidx.core:core:1.13.0] AndroidManifest.xml:24:9-44
21
22    <uses-permission android:name="nl.mikekemmink.noodverlichting.DYNAMIC_RECEIVER_NOT_EXPORTED_PERMISSION" />
22-->[androidx.core:core:1.13.0] AndroidManifest.xml:26:5-97
22-->[androidx.core:core:1.13.0] AndroidManifest.xml:26:22-94
23
24    <application
24-->src\main\AndroidManifest.xml:12:5-83:19
25        android:allowBackup="true"
25-->src\main\AndroidManifest.xml:13:9-35
26        android:appComponentFactory="androidx.core.app.CoreComponentFactory"
26-->src\main\AndroidManifest.xml:20:9-77
27        android:debuggable="true"
28        android:extractNativeLibs="false"
29        android:icon="@mipmap/ic_launcher"
29-->src\main\AndroidManifest.xml:15:9-43
30        android:label="Noodverlichting Companion"
30-->src\main\AndroidManifest.xml:14:9-50
31        android:roundIcon="@mipmap/ic_launcher_round"
31-->src\main\AndroidManifest.xml:16:9-54
32        android:supportsRtl="true"
32-->src\main\AndroidManifest.xml:17:9-35
33        android:testOnly="true"
34        android:theme="@style/Theme.Noodverlichting" >
34-->src\main\AndroidManifest.xml:18:9-53
35        <provider
36            android:name="androidx.core.content.FileProvider"
36-->src\main\AndroidManifest.xml:23:13-62
37            android:authorities="nl.mikekemmink.noodverlichting.fileprovider"
37-->src\main\AndroidManifest.xml:24:13-64
38            android:exported="false"
38-->src\main\AndroidManifest.xml:25:13-37
39            android:grantUriPermissions="true" >
39-->src\main\AndroidManifest.xml:26:13-47
40            <meta-data
40-->src\main\AndroidManifest.xml:27:13-29:54
41                android:name="android.support.FILE_PROVIDER_PATHS"
41-->src\main\AndroidManifest.xml:28:17-67
42                android:resource="@xml/file_paths" />
42-->src\main\AndroidManifest.xml:29:17-51
43        </provider>
44
45        <activity
45-->src\main\AndroidManifest.xml:33:9-36:85
46            android:name="nl.mikekemmink.noodverlichting.noodverlichting.LocationListActivity"
46-->src\main\AndroidManifest.xml:34:13-95
47            android:exported="false"
47-->src\main\AndroidManifest.xml:35:13-37
48            android:parentActivityName="nl.mikekemmink.noodverlichting.noodverlichting.NoodverlichtingActivity" />
48-->src\main\AndroidManifest.xml:36:13-82
49        <activity
49-->src\main\AndroidManifest.xml:38:9-41:82
50            android:name="nl.mikekemmink.noodverlichting.noodverlichting.FixtureListActivity"
50-->src\main\AndroidManifest.xml:39:13-94
51            android:exported="false"
51-->src\main\AndroidManifest.xml:40:13-37
52            android:parentActivityName="nl.mikekemmink.noodverlichting.noodverlichting.LocationListActivity" />
52-->src\main\AndroidManifest.xml:41:13-79
53        <activity android:name="nl.mikekemmink.noodverlichting.noodverlichting.columns.ColumnSettingsActivity" />
53-->src\main\AndroidManifest.xml:43:9-84
53-->src\main\AndroidManifest.xml:43:19-81
54        <activity
54-->src\main\AndroidManifest.xml:44:9-46:40
55            android:name="nl.mikekemmink.noodverlichting.noodverlichting.AddDefectActivity"
55-->src\main\AndroidManifest.xml:45:13-92
56            android:exported="false" />
56-->src\main\AndroidManifest.xml:46:13-37
57        <activity
57-->src\main\AndroidManifest.xml:48:9-50:39
58            android:name="nl.mikekemmink.noodverlichting.noodverlichting.DefectListActivity"
58-->src\main\AndroidManifest.xml:49:13-63
59            android:exported="false" />
59-->src\main\AndroidManifest.xml:50:13-37
60        <activity
60-->src\main\AndroidManifest.xml:51:9-54:85
61            android:name="nl.mikekemmink.noodverlichting.nen3140.MeasurementsActivity"
61-->src\main\AndroidManifest.xml:52:13-87
62            android:exported="false"
62-->src\main\AndroidManifest.xml:53:13-37
63            android:parentActivityName="nl.mikekemmink.noodverlichting.noodverlichting.NoodverlichtingActivity" />
63-->src\main\AndroidManifest.xml:54:13-82
64        <activity android:name="nl.mikekemmink.noodverlichting.nen3140.StroomOverzichtActivity" />
64-->src\main\AndroidManifest.xml:56:9-69
64-->src\main\AndroidManifest.xml:56:19-66
65
66        <!-- 1) Nieuwe launcher activity -->
67        <activity
67-->src\main\AndroidManifest.xml:59:9-66:20
68            android:name="nl.mikekemmink.noodverlichting.ui.SelectInspectionActivity"
68-->src\main\AndroidManifest.xml:60:13-56
69            android:exported="true" >
69-->src\main\AndroidManifest.xml:61:13-36
70            <intent-filter>
70-->src\main\AndroidManifest.xml:62:13-65:29
71                <action android:name="android.intent.action.MAIN" />
71-->src\main\AndroidManifest.xml:63:17-69
71-->src\main\AndroidManifest.xml:63:25-66
72
73                <category android:name="android.intent.category.LAUNCHER" />
73-->src\main\AndroidManifest.xml:64:17-77
73-->src\main\AndroidManifest.xml:64:27-74
74            </intent-filter>
75        </activity>
76
77        <!-- 2) NEN3140 dashboard -->
78        <activity
78-->src\main\AndroidManifest.xml:69:9-72:73
79            android:name="nl.mikekemmink.noodverlichting.nen3140.Nen3140Activity"
79-->src\main\AndroidManifest.xml:70:13-52
80            android:exported="false"
80-->src\main\AndroidManifest.xml:71:13-37
81            android:parentActivityName="nl.mikekemmink.noodverlichting.ui.SelectInspectionActivity" />
81-->src\main\AndroidManifest.xml:72:13-70
82
83        <!-- 3) Noodverlichting hoofdscherm (na hernoemen van MainActivity) -->
84        <activity
84-->src\main\AndroidManifest.xml:75:9-78:73
85            android:name="nl.mikekemmink.noodverlichting.noodverlichting.NoodverlichtingActivity"
85-->src\main\AndroidManifest.xml:76:13-68
86            android:exported="false"
86-->src\main\AndroidManifest.xml:77:13-37
87            android:parentActivityName="nl.mikekemmink.noodverlichting.ui.SelectInspectionActivity" />
87-->src\main\AndroidManifest.xml:78:13-70
88        <activity android:name="nl.mikekemmink.noodverlichting.nen3140.NenLocationListActivity" />
88-->src\main\AndroidManifest.xml:80:9-69
88-->src\main\AndroidManifest.xml:80:19-66
89        <activity android:name="nl.mikekemmink.noodverlichting.nen3140.NenBoardsActivity" />
89-->src\main\AndroidManifest.xml:81:9-63
89-->src\main\AndroidManifest.xml:81:19-60
90
91        <provider
91-->[androidx.emoji2:emoji2:1.3.0] AndroidManifest.xml:24:9-32:20
92            android:name="androidx.startup.InitializationProvider"
92-->[androidx.emoji2:emoji2:1.3.0] AndroidManifest.xml:25:13-67
93            android:authorities="nl.mikekemmink.noodverlichting.androidx-startup"
93-->[androidx.emoji2:emoji2:1.3.0] AndroidManifest.xml:26:13-68
94            android:exported="false" >
94-->[androidx.emoji2:emoji2:1.3.0] AndroidManifest.xml:27:13-37
95            <meta-data
95-->[androidx.emoji2:emoji2:1.3.0] AndroidManifest.xml:29:13-31:52
96                android:name="androidx.emoji2.text.EmojiCompatInitializer"
96-->[androidx.emoji2:emoji2:1.3.0] AndroidManifest.xml:30:17-75
97                android:value="androidx.startup" />
97-->[androidx.emoji2:emoji2:1.3.0] AndroidManifest.xml:31:17-49
98            <meta-data
98-->[androidx.lifecycle:lifecycle-process:2.6.2] AndroidManifest.xml:29:13-31:52
99                android:name="androidx.lifecycle.ProcessLifecycleInitializer"
99-->[androidx.lifecycle:lifecycle-process:2.6.2] AndroidManifest.xml:30:17-78
100                android:value="androidx.startup" />
100-->[androidx.lifecycle:lifecycle-process:2.6.2] AndroidManifest.xml:31:17-49
101            <meta-data
101-->[androidx.profileinstaller:profileinstaller:1.3.1] AndroidManifest.xml:29:13-31:52
102                android:name="androidx.profileinstaller.ProfileInstallerInitializer"
102-->[androidx.profileinstaller:profileinstaller:1.3.1] AndroidManifest.xml:30:17-85
103                android:value="androidx.startup" />
103-->[androidx.profileinstaller:profileinstaller:1.3.1] AndroidManifest.xml:31:17-49
104        </provider>
105
106        <uses-library
106-->[androidx.window:window:1.0.0] AndroidManifest.xml:25:9-27:40
107            android:name="androidx.window.extensions"
107-->[androidx.window:window:1.0.0] AndroidManifest.xml:26:13-54
108            android:required="false" />
108-->[androidx.window:window:1.0.0] AndroidManifest.xml:27:13-37
109        <uses-library
109-->[androidx.window:window:1.0.0] AndroidManifest.xml:28:9-30:40
110            android:name="androidx.window.sidecar"
110-->[androidx.window:window:1.0.0] AndroidManifest.xml:29:13-51
111            android:required="false" />
111-->[androidx.window:window:1.0.0] AndroidManifest.xml:30:13-37
112
113        <receiver
113-->[androidx.profileinstaller:profileinstaller:1.3.1] AndroidManifest.xml:34:9-52:20
114            android:name="androidx.profileinstaller.ProfileInstallReceiver"
114-->[androidx.profileinstaller:profileinstaller:1.3.1] AndroidManifest.xml:35:13-76
115            android:directBootAware="false"
115-->[androidx.profileinstaller:profileinstaller:1.3.1] AndroidManifest.xml:36:13-44
116            android:enabled="true"
116-->[androidx.profileinstaller:profileinstaller:1.3.1] AndroidManifest.xml:37:13-35
117            android:exported="true"
117-->[androidx.profileinstaller:profileinstaller:1.3.1] AndroidManifest.xml:38:13-36
118            android:permission="android.permission.DUMP" >
118-->[androidx.profileinstaller:profileinstaller:1.3.1] AndroidManifest.xml:39:13-57
119            <intent-filter>
119-->[androidx.profileinstaller:profileinstaller:1.3.1] AndroidManifest.xml:40:13-42:29
120                <action android:name="androidx.profileinstaller.action.INSTALL_PROFILE" />
120-->[androidx.profileinstaller:profileinstaller:1.3.1] AndroidManifest.xml:41:17-91
120-->[androidx.profileinstaller:profileinstaller:1.3.1] AndroidManifest.xml:41:25-88
121            </intent-filter>
122            <intent-filter>
122-->[androidx.profileinstaller:profileinstaller:1.3.1] AndroidManifest.xml:43:13-45:29
123                <action android:name="androidx.profileinstaller.action.SKIP_FILE" />
123-->[androidx.profileinstaller:profileinstaller:1.3.1] AndroidManifest.xml:44:17-85
123-->[androidx.profileinstaller:profileinstaller:1.3.1] AndroidManifest.xml:44:25-82
124            </intent-filter>
125            <intent-filter>
125-->[androidx.profileinstaller:profileinstaller:1.3.1] AndroidManifest.xml:46:13-48:29
126                <action android:name="androidx.profileinstaller.action.SAVE_PROFILE" />
126-->[androidx.profileinstaller:profileinstaller:1.3.1] AndroidManifest.xml:47:17-88
126-->[androidx.profileinstaller:profileinstaller:1.3.1] AndroidManifest.xml:47:25-85
127            </intent-filter>
128            <intent-filter>
128-->[androidx.profileinstaller:profileinstaller:1.3.1] AndroidManifest.xml:49:13-51:29
129                <action android:name="androidx.profileinstaller.action.BENCHMARK_OPERATION" />
129-->[androidx.profileinstaller:profileinstaller:1.3.1] AndroidManifest.xml:50:17-95
129-->[androidx.profileinstaller:profileinstaller:1.3.1] AndroidManifest.xml:50:25-92
130            </intent-filter>
131        </receiver>
132    </application>
133
134</manifest>